0 info it worked if it ends with ok
1 verbose cli [ 'node', '/usr/local/bin/npm', 'publish' ]
2 info using npm@1.4.3
3 info using node@v0.10.26
4 verbose node symlink /usr/bin/node
5 verbose publish [ '.' ]
6 verbose cache add [ '.', null ]
7 verbose cache add name=undefined spec="." args=[".",null]
8 verbose parsed url { protocol: null,
8 verbose parsed url   slashes: null,
8 verbose parsed url   auth: null,
8 verbose parsed url   host: null,
8 verbose parsed url   port: null,
8 verbose parsed url   hostname: null,
8 verbose parsed url   hash: null,
8 verbose parsed url   search: null,
8 verbose parsed url   query: null,
8 verbose parsed url   pathname: '.',
8 verbose parsed url   path: '.',
8 verbose parsed url   href: '.' }
9 silly lockFile 3a52ce78- .
10 verbose lock . /Users/akane1/.npm/3a52ce78-.lock
11 verbose tar pack [ '/var/folders/p_/0529m75d78760j9rdwn6qkccs80m96/T/npm-86836-2azGH8pV/1405793239950-0.8514785817824304/tmp.tgz',
11 verbose tar pack   '.' ]
12 verbose tarball /var/folders/p_/0529m75d78760j9rdwn6qkccs80m96/T/npm-86836-2azGH8pV/1405793239950-0.8514785817824304/tmp.tgz
13 verbose folder .
14 info prepublish PostmanValidator@0.0.0
15 silly lockFile 1f1177db-tar tar://.
16 verbose lock tar://. /Users/akane1/.npm/1f1177db-tar.lock
17 silly lockFile 76db15b0-39950-0-8514785817824304-tmp-tgz tar:///var/folders/p_/0529m75d78760j9rdwn6qkccs80m96/T/npm-86836-2azGH8pV/1405793239950-0.8514785817824304/tmp.tgz
18 verbose lock tar:///var/folders/p_/0529m75d78760j9rdwn6qkccs80m96/T/npm-86836-2azGH8pV/1405793239950-0.8514785817824304/tmp.tgz /Users/akane1/.npm/76db15b0-39950-0-8514785817824304-tmp-tgz.lock
19 silly lockFile 1f1177db-tar tar://.
20 silly lockFile 1f1177db-tar tar://.
21 silly lockFile 76db15b0-39950-0-8514785817824304-tmp-tgz tar:///var/folders/p_/0529m75d78760j9rdwn6qkccs80m96/T/npm-86836-2azGH8pV/1405793239950-0.8514785817824304/tmp.tgz
22 silly lockFile 76db15b0-39950-0-8514785817824304-tmp-tgz tar:///var/folders/p_/0529m75d78760j9rdwn6qkccs80m96/T/npm-86836-2azGH8pV/1405793239950-0.8514785817824304/tmp.tgz
23 verbose tar unpack /var/folders/p_/0529m75d78760j9rdwn6qkccs80m96/T/npm-86836-2azGH8pV/1405793239950-0.8514785817824304/tmp.tgz
24 silly lockFile 521a53fc-39950-0-8514785817824304-package tar:///var/folders/p_/0529m75d78760j9rdwn6qkccs80m96/T/npm-86836-2azGH8pV/1405793239950-0.8514785817824304/package
25 verbose lock tar:///var/folders/p_/0529m75d78760j9rdwn6qkccs80m96/T/npm-86836-2azGH8pV/1405793239950-0.8514785817824304/package /Users/akane1/.npm/521a53fc-39950-0-8514785817824304-package.lock
26 silly lockFile 76db15b0-39950-0-8514785817824304-tmp-tgz tar:///var/folders/p_/0529m75d78760j9rdwn6qkccs80m96/T/npm-86836-2azGH8pV/1405793239950-0.8514785817824304/tmp.tgz
27 verbose lock tar:///var/folders/p_/0529m75d78760j9rdwn6qkccs80m96/T/npm-86836-2azGH8pV/1405793239950-0.8514785817824304/tmp.tgz /Users/akane1/.npm/76db15b0-39950-0-8514785817824304-tmp-tgz.lock
28 silly gunzTarPerm modes [ '755', '644' ]
29 silly gunzTarPerm extractEntry package.json
30 silly gunzTarPerm extractEntry .npmignore
31 silly gunzTarPerm extractEntry PostmanValidator.js
32 silly gunzTarPerm extractEntry README.MD
33 silly gunzTarPerm extractEntry bin/validator
34 silly gunzTarPerm extractEntry json-schemas/collection.schema.json
35 silly gunzTarPerm extractEntry json-schemas/environment.schema.json
36 silly gunzTarPerm extractEntry json-schemas/globals.schema.json
37 silly gunzTarPerm extractEntry tc2.json
38 silly lockFile 521a53fc-39950-0-8514785817824304-package tar:///var/folders/p_/0529m75d78760j9rdwn6qkccs80m96/T/npm-86836-2azGH8pV/1405793239950-0.8514785817824304/package
39 silly lockFile 521a53fc-39950-0-8514785817824304-package tar:///var/folders/p_/0529m75d78760j9rdwn6qkccs80m96/T/npm-86836-2azGH8pV/1405793239950-0.8514785817824304/package
40 silly lockFile 76db15b0-39950-0-8514785817824304-tmp-tgz tar:///var/folders/p_/0529m75d78760j9rdwn6qkccs80m96/T/npm-86836-2azGH8pV/1405793239950-0.8514785817824304/tmp.tgz
41 silly lockFile 76db15b0-39950-0-8514785817824304-tmp-tgz tar:///var/folders/p_/0529m75d78760j9rdwn6qkccs80m96/T/npm-86836-2azGH8pV/1405793239950-0.8514785817824304/tmp.tgz
42 verbose tar pack [ '/Users/akane1/.npm/PostmanValidator/0.0.0/package.tgz',
42 verbose tar pack   '/var/folders/p_/0529m75d78760j9rdwn6qkccs80m96/T/npm-86836-2azGH8pV/1405793239950-0.8514785817824304/package' ]
43 verbose tarball /Users/akane1/.npm/PostmanValidator/0.0.0/package.tgz
44 verbose folder /var/folders/p_/0529m75d78760j9rdwn6qkccs80m96/T/npm-86836-2azGH8pV/1405793239950-0.8514785817824304/package
45 silly lockFile 521a53fc-39950-0-8514785817824304-package tar:///var/folders/p_/0529m75d78760j9rdwn6qkccs80m96/T/npm-86836-2azGH8pV/1405793239950-0.8514785817824304/package
46 verbose lock tar:///var/folders/p_/0529m75d78760j9rdwn6qkccs80m96/T/npm-86836-2azGH8pV/1405793239950-0.8514785817824304/package /Users/akane1/.npm/521a53fc-39950-0-8514785817824304-package.lock
47 silly lockFile 18381650-stmanValidator-0-0-0-package-tgz tar:///Users/akane1/.npm/PostmanValidator/0.0.0/package.tgz
48 verbose lock tar:///Users/akane1/.npm/PostmanValidator/0.0.0/package.tgz /Users/akane1/.npm/18381650-stmanValidator-0-0-0-package-tgz.lock
49 silly lockFile 521a53fc-39950-0-8514785817824304-package tar:///var/folders/p_/0529m75d78760j9rdwn6qkccs80m96/T/npm-86836-2azGH8pV/1405793239950-0.8514785817824304/package
50 silly lockFile 521a53fc-39950-0-8514785817824304-package tar:///var/folders/p_/0529m75d78760j9rdwn6qkccs80m96/T/npm-86836-2azGH8pV/1405793239950-0.8514785817824304/package
51 silly lockFile 18381650-stmanValidator-0-0-0-package-tgz tar:///Users/akane1/.npm/PostmanValidator/0.0.0/package.tgz
52 silly lockFile 18381650-stmanValidator-0-0-0-package-tgz tar:///Users/akane1/.npm/PostmanValidator/0.0.0/package.tgz
53 silly lockFile 3b3ec5ce-m-PostmanValidator-0-0-0-package /Users/akane1/.npm/PostmanValidator/0.0.0/package
54 verbose lock /Users/akane1/.npm/PostmanValidator/0.0.0/package /Users/akane1/.npm/3b3ec5ce-m-PostmanValidator-0-0-0-package.lock
55 silly lockFile 3b3ec5ce-m-PostmanValidator-0-0-0-package /Users/akane1/.npm/PostmanValidator/0.0.0/package
56 silly lockFile 3b3ec5ce-m-PostmanValidator-0-0-0-package /Users/akane1/.npm/PostmanValidator/0.0.0/package
57 verbose tar unpack /Users/akane1/.npm/PostmanValidator/0.0.0/package.tgz
58 silly lockFile 372f9436-m-PostmanValidator-0-0-0-package tar:///Users/akane1/.npm/PostmanValidator/0.0.0/package
59 verbose lock tar:///Users/akane1/.npm/PostmanValidator/0.0.0/package /Users/akane1/.npm/372f9436-m-PostmanValidator-0-0-0-package.lock
60 silly lockFile 18381650-stmanValidator-0-0-0-package-tgz tar:///Users/akane1/.npm/PostmanValidator/0.0.0/package.tgz
61 verbose lock tar:///Users/akane1/.npm/PostmanValidator/0.0.0/package.tgz /Users/akane1/.npm/18381650-stmanValidator-0-0-0-package-tgz.lock
62 silly gunzTarPerm modes [ '755', '644' ]
63 silly gunzTarPerm extractEntry package.json
64 silly gunzTarPerm extractEntry .npmignore
65 silly gunzTarPerm extractEntry PostmanValidator.js
66 silly gunzTarPerm extractEntry README.MD
67 silly gunzTarPerm extractEntry bin/validator
68 silly gunzTarPerm extractEntry json-schemas/collection.schema.json
69 silly gunzTarPerm extractEntry json-schemas/environment.schema.json
70 silly gunzTarPerm extractEntry json-schemas/globals.schema.json
71 silly gunzTarPerm extractEntry tc2.json
72 silly lockFile 372f9436-m-PostmanValidator-0-0-0-package tar:///Users/akane1/.npm/PostmanValidator/0.0.0/package
73 silly lockFile 372f9436-m-PostmanValidator-0-0-0-package tar:///Users/akane1/.npm/PostmanValidator/0.0.0/package
74 silly lockFile 18381650-stmanValidator-0-0-0-package-tgz tar:///Users/akane1/.npm/PostmanValidator/0.0.0/package.tgz
75 silly lockFile 18381650-stmanValidator-0-0-0-package-tgz tar:///Users/akane1/.npm/PostmanValidator/0.0.0/package.tgz
76 verbose chmod /Users/akane1/.npm/PostmanValidator/0.0.0/package.tgz 644
77 verbose chown /Users/akane1/.npm/PostmanValidator/0.0.0/package.tgz [ 847270182, 74715970 ]
78 silly lockFile 3a52ce78- .
79 silly lockFile 3a52ce78- .
80 silly publish { name: 'PostmanValidator',
80 silly publish   version: '0.0.0',
80 silly publish   description: 'A validator for Postman file formats',
80 silly publish   main: 'PostmanValidator',
80 silly publish   repository:
80 silly publish    { type: 'git',
80 silly publish      url: 'git://github.com:abhijitkane/PostmanValidator.git' },
80 silly publish   scripts: { test: 'echo "Error: no test specified" && exit 1' },
80 silly publish   keywords: [ 'postman', 'newman', 'validator' ],
80 silly publish   bin: { postmanValidator: './bin/validator' },
80 silly publish   dependencies: { commander: '2.x.x', JSV: '4.0.2', jsface: '2.2.x' },
80 silly publish   author: { name: 'Abhijit Kane' },
80 silly publish   license: 'Apache',
80 silly publish   readme: 'A validator for Postman file formats',
80 silly publish   readmeFilename: 'README.MD',
80 silly publish   bugs: { url: 'https://github.com/abhijitkane/PostmanValidator/issues' },
80 silly publish   homepage: 'https://github.com/abhijitkane/PostmanValidator',
80 silly publish   _id: 'PostmanValidator@0.0.0',
80 silly publish   dist: { shasum: '1feb25255097a743363ad8470af5ee50a1e6f7c5' },
80 silly publish   _from: '.' }
81 verbose url raw PostmanValidator
82 verbose url resolving [ 'https://registry.npmjs.org/', './PostmanValidator' ]
83 verbose url resolved https://registry.npmjs.org/PostmanValidator
84 info trying registry request attempt 1 at 23:37:20
85 http PUT https://registry.npmjs.org/PostmanValidator
86 http 403 https://registry.npmjs.org/PostmanValidator
87 error publish Failed PUT 403
88 error Error: forbidden New packages must have all-lowercase names: PostmanValidator
88 error     at RegClient.<anonymous> (/usr/local/lib/node_modules/npm/node_modules/npm-registry-client/lib/request.js:237:14)
88 error     at Request.self.callback (/usr/local/lib/node_modules/npm/node_modules/request/request.js:123:22)
88 error     at Request.EventEmitter.emit (events.js:98:17)
88 error     at Request.<anonymous> (/usr/local/lib/node_modules/npm/node_modules/request/request.js:893:14)
88 error     at Request.EventEmitter.emit (events.js:117:20)
88 error     at IncomingMessage.<anonymous> (/usr/local/lib/node_modules/npm/node_modules/request/request.js:844:12)
88 error     at IncomingMessage.EventEmitter.emit (events.js:117:20)
88 error     at _stream_readable.js:920:16
88 error     at process._tickCallback (node.js:415:13)
89 error If you need help, you may report this *entire* log,
89 error including the npm and node versions, at:
89 error     <http://github.com/npm/npm/issues>
90 error System Darwin 13.2.0
91 error command "node" "/usr/local/bin/npm" "publish"
92 error cwd /Users/akane1/code/PostmanValidator
93 error node -v v0.10.26
94 error npm -v 1.4.3
95 verbose exit [ 1, true ]
